<?xml version="1.0" encoding="UTF-8"?>
<testsuites errors="21" failures="21"><testsuite name="BackstopJS" tests="21" errors="21" failures="21"><testcase name=" ›› 2016 homepage" classname="body"><error message="Design deviation ›› 2016 homepage (body) component" type="CSS component"/><failure message="Design deviation ›› 2016 homepage (body) component" type="CSS component"/></testcase><testcase name=" ›› 2016 homepage" classname="body"><error message="Design deviation ›› 2016 homepage (body) component" type="CSS component"/><failure message="Design deviation ›› 2016 homepage (body) component" type="CSS component"/></testcase><testcase name=" ›› 2016 homepage" classname="body"><error message="Design deviation ›› 2016 homepage (body) component" type="CSS component"/><failure message="Design deviation ›› 2016 homepage (body) component" type="CSS component"/></testcase><testcase name=" ›› 2016 Course List" classname="body"><error message="Design deviation ›› 2016 Course List (body) component" type="CSS component"/><failure message="Design deviation ›› 2016 Course List (body) component" type="CSS component"/></testcase><testcase name=" ›› 2016 Course List" classname="body"><error message="Design deviation ›› 2016 Course List (body) component" type="CSS component"/><failure message="Design deviation ›› 2016 Course List (body) component" type="CSS component"/></testcase><testcase name=" ›› 2016 Course List" classname="body"><error message="Design deviation ›› 2016 Course List (body) component" type="CSS component"/><failure message="Design deviation ›› 2016 Course List (body) component" type="CSS component"/></testcase><testcase name=" ›› 2016 BackStop Test Course - Homepage" classname="body"><error message="Design deviation ›› 2016 BackStop Test Course - Homepage (body) component" type="CSS component"/><failure message="Design deviation ›› 2016 BackStop Test Course - Homepage (body) component" type="CSS component"/></testcase><testcase name=" ›› 2016 BackStop Test Course - Homepage" classname="body"><error message="Design deviation ›› 2016 BackStop Test Course - Homepage (body) component" type="CSS component"/><failure message="Design deviation ›› 2016 BackStop Test Course - Homepage (body) component" type="CSS component"/></testcase><testcase name=" ›› 2016 BackStop Test Course - Homepage" classname="body"><error message="Design deviation ›› 2016 BackStop Test Course - Homepage (body) component" type="CSS component"/><failure message="Design deviation ›› 2016 BackStop Test Course - Homepage (body) component" type="CSS component"/></testcase><testcase name=" ›› 2016 BackStop Test Course - Conetent Page" classname="body"><error message="Design deviation ›› 2016 BackStop Test Course - Conetent Page (body) component" type="CSS component"/><failure message="Design deviation ›› 2016 BackStop Test Course - Conetent Page (body) component" type="CSS component"/></testcase><testcase name=" ›› 2016 BackStop Test Course - Conetent Page" classname="body"><error message="Design deviation ›› 2016 BackStop Test Course - Conetent Page (body) component" type="CSS component"/><failure message="Design deviation ›› 2016 BackStop Test Course - Conetent Page (body) component" type="CSS component"/></testcase><testcase name=" ›› 2016 BackStop Test Course - Conetent Page" classname="body"><error message="Design deviation ›› 2016 BackStop Test Course - Conetent Page (body) component" type="CSS component"/><failure message="Design deviation ›› 2016 BackStop Test Course - Conetent Page (body) component" type="CSS component"/></testcase><testcase name=" ›› 2016 BackStop Test Course - Full Grade Center" classname="body"><error message="Design deviation ›› 2016 BackStop Test Course - Full Grade Center (body) component" type="CSS component"/><failure message="Design deviation ›› 2016 BackStop Test Course - Full Grade Center (body) component" type="CSS component"/></testcase><testcase name=" ›› 2016 BackStop Test Course - Full Grade Center" classname="body"><error message="Design deviation ›› 2016 BackStop Test Course - Full Grade Center (body) component" type="CSS component"/><failure message="Design deviation ›› 2016 BackStop Test Course - Full Grade Center (body) component" type="CSS component"/></testcase><testcase name=" ›› 2016 BackStop Test Course - Full Grade Center" classname="body"><error message="Design deviation ›› 2016 BackStop Test Course - Full Grade Center (body) component" type="CSS component"/><failure message="Design deviation ›› 2016 BackStop Test Course - Full Grade Center (body) component" type="CSS component"/></testcase><testcase name=" ›› 2016 BackStop Test Course - Needs Grading" classname="body"><error message="Design deviation ›› 2016 BackStop Test Course - Needs Grading (body) component" type="CSS component"/><failure message="Design deviation ›› 2016 BackStop Test Course - Needs Grading (body) component" type="CSS component"/></testcase><testcase name=" ›› 2016 BackStop Test Course - Needs Grading" classname="body"><error message="Design deviation ›› 2016 BackStop Test Course - Needs Grading (body) component" type="CSS component"/><failure message="Design deviation ›› 2016 BackStop Test Course - Needs Grading (body) component" type="CSS component"/></testcase><testcase name=" ›› 2016 BackStop Test Course - Needs Grading" classname="body"><error message="Design deviation ›› 2016 BackStop Test Course - Needs Grading (body) component" type="CSS component"/><failure message="Design deviation ›› 2016 BackStop Test Course - Needs Grading (body) component" type="CSS component"/></testcase><testcase name=" ›› 2016 BackStop Test Course - Grade Assignment" classname="body"><error message="Design deviation ›› 2016 BackStop Test Course - Grade Assignment (body) component" type="CSS component"/><failure message="Design deviation ›› 2016 BackStop Test Course - Grade Assignment (body) component" type="CSS component"/></testcase><testcase name=" ›› 2016 BackStop Test Course - Grade Assignment" classname="body"><error message="Design deviation ›› 2016 BackStop Test Course - Grade Assignment (body) component" type="CSS component"/><failure message="Design deviation ›› 2016 BackStop Test Course - Grade Assignment (body) component" type="CSS component"/></testcase><testcase name=" ›› 2016 BackStop Test Course - Grade Assignment" classname="body"><error message="Design deviation ›› 2016 BackStop Test Course - Grade Assignment (body) component" type="CSS component"/><failure message="Design deviation ›› 2016 BackStop Test Course - Grade Assignment (body) component" type="CSS component"/></testcase></testsuite></testsuites>